2020-01-01 19:13:34,788 INFO  DownloadService - Downloading "https://github.com/emrekose26/RecordButton/archive/master.zip", attempt 3
2020-01-01 19:13:37,626 INFO  DownloadService - Downloaded https://github.com/emrekose26/RecordButton/archive/master.zip, attempt 3
2020-01-01 19:13:37,626 INFO  DownloadService - Size of file "/var/folders/bq/vtzpc5ns5sg2cthy61lqpg3dfzgbys/T/1577880814786-0/master.zip": 325 KB
2020-01-01 19:13:37,626 INFO  ArchiveUtils - Checking entries [.gradle] in ZIP file...
2020-01-01 19:13:37,632 INFO  ArchiveUtils - Has entries [.gradle] in ZIP file /var/folders/bq/vtzpc5ns5sg2cthy61lqpg3dfzgbys/T/1577880814786-0/master.zip: true
2020-01-01 19:13:37,632 DEBUG ZipUtil - Extracting '/var/folders/bq/vtzpc5ns5sg2cthy61lqpg3dfzgbys/T/1577880814786-0/master.zip' into '/var/folders/bq/vtzpc5ns5sg2cthy61lqpg3dfzgbys/T/1577880814786-0/src'.
2020-01-01 19:13:37,652 INFO  FullProcessService - Size of directory with sources: 343 KB
2020-01-01 19:13:37,652 INFO  SysUtils - Execute command: [git, init, /var/folders/bq/vtzpc5ns5sg2cthy61lqpg3dfzgbys/T/1577880814786-0/src]
2020-01-01 19:13:37,675 INFO  SysUtils - Initialized empty Git repository in /private/var/folders/bq/vtzpc5ns5sg2cthy61lqpg3dfzgbys/T/1577880814786-0/src/.git/

2020-01-01 19:13:37,678 INFO  ProjectBuildService - Gradle wrapper(s): /var/folders/bq/vtzpc5ns5sg2cthy61lqpg3dfzgbys/T/1577880814786-0/src/RecordButton-master/gradlew
2020-01-01 19:13:37,681 INFO  ProjectBuildService - Build script(s): /var/folders/bq/vtzpc5ns5sg2cthy61lqpg3dfzgbys/T/1577880814786-0/src/RecordButton-master/app/build.gradle /var/folders/bq/vtzpc5ns5sg2cthy61lqpg3dfzgbys/T/1577880814786-0/src/RecordButton-master/recordbuttonlib/build.gradle /var/folders/bq/vtzpc5ns5sg2cthy61lqpg3dfzgbys/T/1577880814786-0/src/RecordButton-master/build.gradle
2020-01-01 19:13:37,683 INFO  ProjectBuildService - All script(s): /var/folders/bq/vtzpc5ns5sg2cthy61lqpg3dfzgbys/T/1577880814786-0/src/RecordButton-master/app/build.gradle /var/folders/bq/vtzpc5ns5sg2cthy61lqpg3dfzgbys/T/1577880814786-0/src/RecordButton-master/recordbuttonlib/build.gradle /var/folders/bq/vtzpc5ns5sg2cthy61lqpg3dfzgbys/T/1577880814786-0/src/RecordButton-master/build.gradle /var/folders/bq/vtzpc5ns5sg2cthy61lqpg3dfzgbys/T/1577880814786-0/src/RecordButton-master/settings.gradle
2020-01-01 19:13:37,683 INFO  ProjectBuildService - Remote scripts: none
2020-01-01 19:13:37,683 INFO  ProjectFixService - Fixing project...
2020-01-01 19:13:37,690 INFO  LocalPropertiesFixService - Created fake /var/folders/bq/vtzpc5ns5sg2cthy61lqpg3dfzgbys/T/1577880814786-0/src/RecordButton-master/app/local.properties
2020-01-01 19:13:37,690 INFO  ProjectFixService - Build info for "/var/folders/bq/vtzpc5ns5sg2cthy61lqpg3dfzgbys/T/1577880814786-0/src/RecordButton-master/app/build.gradle": [buildToolsVersion=28.0.3,compileSdkVersion=28,minSdkVersion=15,targetSdkVersion=28]
2020-01-01 19:13:37,691 INFO  LocalPropertiesFixService - Created fake /var/folders/bq/vtzpc5ns5sg2cthy61lqpg3dfzgbys/T/1577880814786-0/src/RecordButton-master/recordbuttonlib/local.properties
2020-01-01 19:13:37,691 INFO  ProjectFixService - Build info for "/var/folders/bq/vtzpc5ns5sg2cthy61lqpg3dfzgbys/T/1577880814786-0/src/RecordButton-master/recordbuttonlib/build.gradle": [buildToolsVersion=28.0.3,compileSdkVersion=28,minSdkVersion=15,targetSdkVersion=28]
2020-01-01 19:13:37,691 INFO  LocalPropertiesFixService - Created fake /var/folders/bq/vtzpc5ns5sg2cthy61lqpg3dfzgbys/T/1577880814786-0/src/RecordButton-master/local.properties
2020-01-01 19:13:37,692 INFO  WrapperPropertiesFixService - Gradle wrapper: https://services.gradle.org/distributions/gradle-4.6-all.zip
2020-01-01 19:13:37,692 INFO  WrapperPropertiesFixService - Gradle wrapper was changed from "-all.zip" to "-bin.zip" (https://services.gradle.org/distributions/gradle-4.6-bin.zip)
2020-01-01 19:13:37,693 INFO  ProjectFixService - Build info for "/var/folders/bq/vtzpc5ns5sg2cthy61lqpg3dfzgbys/T/1577880814786-0/src/RecordButton-master/build.gradle": [buildToolsVersion=28.0.3,compileSdkVersion=28,minSdkVersion=15,targetSdkVersion=28]
2020-01-01 19:13:37,693 INFO  ProjectFixService - Project was maybe fixed
2020-01-01 19:13:37,693 INFO  ProjectTaskService - Detecting possible tasks...
2020-01-01 19:13:37,693 INFO  SysUtils - Execute command: [/var/folders/bq/vtzpc5ns5sg2cthy61lqpg3dfzgbys/T/1577880814786-0/src/RecordButton-master/gradlew, -b, /var/folders/bq/vtzpc5ns5sg2cthy61lqpg3dfzgbys/T/1577880814786-0/src/RecordButton-master/app/build.gradle, -Dorg.gradle.daemon=false, -Dorg.gradle.daemon.performance.enable-monitoring=false, -Dorg.gradle.configureondemand=true, tasks]
2020-01-01 19:13:45,264 INFO  ProjectTaskService - Detected possible tasks: 69
2020-01-01 19:13:45,264 INFO  ProjectTaskService - Excluded tasks (18): lintDebug deviceCheck lint testReleaseUnitTest uninstallRelease deviceAndroidTest uninstallDebugAndroidTest installDebugAndroidTest connectedCheck connectedDebugAndroidTest uninstallAll test check testDebugUnitTest connectedAndroidTest installDebug lintRelease uninstallDebug
2020-01-01 19:13:45,265 INFO  SysUtils - Execute command: [/var/folders/bq/vtzpc5ns5sg2cthy61lqpg3dfzgbys/T/1577880814786-0/src/RecordButton-master/gradlew, -b, /var/folders/bq/vtzpc5ns5sg2cthy61lqpg3dfzgbys/T/1577880814786-0/src/RecordButton-master/app/build.gradle, -Dorg.gradle.daemon=false, -Dorg.gradle.daemon.performance.enable-monitoring=false, -Dorg.gradle.configureondemand=true, --stacktrace, -x, lintDebug, -x, deviceCheck, -x, lint, -x, testReleaseUnitTest, -x, uninstallRelease, -x, deviceAndroidTest, -x, uninstallDebugAndroidTest, -x, installDebugAndroidTest, -x, connectedCheck, -x, connectedDebugAndroidTest, -x, uninstallAll, -x, test, -x, check, -x, testDebugUnitTest, -x, connectedAndroidTest, -x, installDebug, -x, lintRelease, -x, uninstallDebug, build]
2020-01-01 19:14:03,802 ERROR SysUtils - Could not process external command
org.apache.commons.exec.ExecuteException: Process exited with an error: 1 (Exit value: 1)
	at org.apache.commons.exec.DefaultExecutor.executeInternal(DefaultExecutor.java:404)
	at org.apache.commons.exec.DefaultExecutor.execute(DefaultExecutor.java:166)
	at com.github.vbauer.apkmaster.util.SysUtils.execute(SysUtils.java:67)
	at com.github.vbauer.apkmaster.util.SysUtils.executeSimple(SysUtils.java:43)
	at com.github.vbauer.apkmaster.service.assembly.ProjectBuildService.buildProject(ProjectBuildService.java:78)
	at com.github.vbauer.apkmaster.service.assembly.ProjectBuildService.buildProject(ProjectBuildService.java:64)
	at com.github.vbauer.apkmaster.service.assembly.ProjectBuildService.buildProject(ProjectBuildService.java:43)
	at com.github.vbauer.apkmaster.service.FullProcessService.build(FullProcessService.java:84)
	at com.github.vbauer.apkmaster.service.FullProcessService.process(FullProcessService.java:34)
	at com.github.vbauer.apkmaster.app.MainApplication.process(MainApplication.java:38)
	at com.github.vbauer.apkmaster.app.MainApplication.main(MainApplication.java:20)
	at sun.reflect.NativeMethodAccessorImpl.invoke0(Native Method)
	at sun.reflect.NativeMethodAccessorImpl.invoke(NativeMethodAccessorImpl.java:62)
	at sun.reflect.DelegatingMethodAccessorImpl.invoke(DelegatingMethodAccessorImpl.java:43)
	at java.lang.reflect.Method.invoke(Method.java:498)
	at com.android.arsenal.util.ReflectionUtils.invoke(ReflectionUtils.java:52)
	at com.android.arsenal.util.ApkMasterUtils.main(ApkMasterUtils.java:30)
	at com.android.arsenal.service.processor.impl.BuildProcessorServiceImpl.buildProject(BuildProcessorServiceImpl.java:196)
	at com.android.arsenal.service.processor.impl.BuildProcessorServiceImpl.build(BuildProcessorServiceImpl.java:130)
	at com.android.arsenal.service.processor.impl.BuildProcessorServiceImpl.lambda$null$1(BuildProcessorServiceImpl.java:113)
	at java.util.concurrent.FutureTask.run(FutureTask.java:266)
	at java.util.concurrent.Executors$RunnableAdapter.call(Executors.java:511)
	at java.util.concurrent.FutureTask.run(FutureTask.java:266)
	at java.util.concurrent.ThreadPoolExecutor.runWorker(ThreadPoolExecutor.java:1149)
	at java.util.concurrent.ThreadPoolExecutor$Worker.run(ThreadPoolExecutor.java:624)
	at java.lang.Thread.run(Thread.java:748)
2020-01-01 19:14:03,802 INFO  SysUtils - Configuration on demand is an incubating feature.
:app:checkDebugClasspath
:app:preBuild UP-TO-DATE
:recordbuttonlib:preBuild UP-TO-DATE
:recordbuttonlib:preDebugBuild UP-TO-DATE
:recordbuttonlib:checkDebugManifest
:recordbuttonlib:processDebugManifest
:app:preDebugBuild
:recordbuttonlib:compileDebugAidl NO-SOURCE
:app:compileDebugAidl NO-SOURCE
:recordbuttonlib:packageDebugRenderscript NO-SOURCE
:app:compileDebugRenderscript
:app:checkDebugManifest
:app:generateDebugBuildConfig
:app:mainApkListPersistenceDebug
:app:generateDebugResValues
:app:generateDebugResources
:recordbuttonlib:compileDebugRenderscript
:recordbuttonlib:generateDebugResValues
:recordbuttonlib:generateDebugResources
:recordbuttonlib:packageDebugResources
:app:mergeDebugResources
:app:createDebugCompatibleScreenManifests
:app:processDebugManifest
:app:splitsDiscoveryTaskDebug
:recordbuttonlib:generateDebugRFile
:app:processDebugResources
:recordbuttonlib:generateDebugBuildConfig
:recordbuttonlib:compileDebugKotlin
w: /private/var/folders/bq/vtzpc5ns5sg2cthy61lqpg3dfzgbys/T/1577880814786-0/src/RecordButton-master/recordbuttonlib/src/main/java/com/emrekose/recordbutton/RecordButton.kt: (163, 24): Type mismatch: inferred type is RectF? but RectF was expected
:recordbuttonlib:prepareLintJar
:recordbuttonlib:generateDebugSources
:recordbuttonlib:javaPreCompileDebug
:recordbuttonlib:compileDebugJavaWithJavac
:recordbuttonlib:processDebugJavaRes NO-SOURCE
:recordbuttonlib:transformClassesAndResourcesWithPrepareIntermediateJarsForDebug
:app:compileDebugKotline: /private/var/folders/bq/vtzpc5ns5sg2cthy61lqpg3dfzgbys/T/1577880814786-0/src/RecordButton-master/app/src/main/java/com/emrekose/demo/recordbutton/KotlinMainActivity.kt: (6, 21): Unresolved reference: kotlin
e: /private/var/folders/bq/vtzpc5ns5sg2cthy61lqpg3dfzgbys/T/1577880814786-0/src/RecordButton-master/app/src/main/java/com/emrekose/demo/recordbutton/KotlinMainActivity.kt: (7, 21): Unresolved reference: kotlin
e: /private/var/folders/bq/vtzpc5ns5sg2cthy61lqpg3dfzgbys/T/1577880814786-0/src/RecordButton-master/app/src/main/java/com/emrekose/demo/recordbutton/KotlinMainActivity.kt: (15, 31): Unresolved reference: RecordButton
e: /private/var/folders/bq/vtzpc5ns5sg2cthy61lqpg3dfzgbys/T/1577880814786-0/src/RecordButton-master/app/src/main/java/com/emrekose/demo/recordbutton/KotlinMainActivity.kt: (16, 22): Unresolved reference: RecordButton
e: /private/var/folders/bq/vtzpc5ns5sg2cthy61lqpg3dfzgbys/T/1577880814786-0/src/RecordButton-master/app/src/main/java/com/emrekose/demo/recordbutton/KotlinMainActivity.kt: (23, 48): Unresolved reference: OnRecordListener
e: /private/var/folders/bq/vtzpc5ns5sg2cthy61lqpg3dfzgbys/T/1577880814786-0/src/RecordButton-master/app/src/main/java/com/emrekose/demo/recordbutton/KotlinMainActivity.kt: (24, 13): 'onRecord' overrides nothing
e: /private/var/folders/bq/vtzpc5ns5sg2cthy61lqpg3dfzgbys/T/1577880814786-0/src/RecordButton-master/app/src/main/java/com/emrekose/demo/recordbutton/KotlinMainActivity.kt: (28, 13): 'onRecordCancel' overrides nothing
e: /private/var/folders/bq/vtzpc5ns5sg2cthy61lqpg3dfzgbys/T/1577880814786-0/src/RecordButton-master/app/src/main/java/com/emrekose/demo/recordbutton/KotlinMainActivity.kt: (32, 13): 'onRecordFinish' overrides nothing
 FAILED

FAILURE: Build failed with an exception.

* What went wrong:
Execution failed for task ':app:compileDebugKotlin'.
> Compilation error. See log for more details

* Try:
Run with --info or --debug option to get more log output. Run with --scan to get full insights.

* Exception is:
org.gradle.api.tasks.TaskExecutionException: Execution failed for task ':app:compileDebugKotlin'.
	at org.gradle.api.internal.tasks.execution.ExecuteActionsTaskExecuter.executeActions(ExecuteActionsTaskExecuter.java:103)
	at org.gradle.api.internal.tasks.execution.ExecuteActionsTaskExecuter.execute(ExecuteActionsTaskExecuter.java:73)
	at org.gradle.api.internal.tasks.execution.OutputDirectoryCreatingTaskExecuter.execute(OutputDirectoryCreatingTaskExecuter.java:51)
	at org.gradle.api.internal.tasks.execution.SkipUpToDateTaskExecuter.execute(SkipUpToDateTaskExecuter.java:59)
	at org.gradle.api.internal.tasks.execution.ResolveTaskOutputCachingStateExecuter.execute(ResolveTaskOutputCachingStateExecuter.java:54)
	at org.gradle.api.internal.tasks.execution.ValidatingTaskExecuter.execute(ValidatingTaskExecuter.java:59)
	at org.gradle.api.internal.tasks.execution.SkipEmptySourceFilesTaskExecuter.execute(SkipEmptySourceFilesTaskExecuter.java:101)
	at org.gradle.api.internal.tasks.execution.FinalizeInputFilePropertiesTaskExecuter.execute(FinalizeInputFilePropertiesTaskExecuter.java:44)
	at org.gradle.api.internal.tasks.execution.CleanupStaleOutputsExecuter.execute(CleanupStaleOutputsExecuter.java:91)
	at org.gradle.api.internal.tasks.execution.ResolveTaskArtifactStateTaskExecuter.execute(ResolveTaskArtifactStateTaskExecuter.java:62)
	at org.gradle.api.internal.tasks.execution.SkipTaskWithNoActionsExecuter.execute(SkipTaskWithNoActionsExecuter.java:59)
	at org.gradle.api.internal.tasks.execution.SkipOnlyIfTaskExecuter.execute(SkipOnlyIfTaskExecuter.java:54)
	at org.gradle.api.internal.tasks.execution.ExecuteAtMostOnceTaskExecuter.execute(ExecuteAtMostOnceTaskExecuter.java:43)
	at org.gradle.api.internal.tasks.execution.CatchExceptionTaskExecuter.execute(CatchExceptionTaskExecuter.java:34)
	at org.gradle.execution.taskgraph.DefaultTaskGraphExecuter$EventFiringTaskWorker$1.run(DefaultTaskGraphExecuter.java:256)
	at org.gradle.internal.progress.DefaultBuildOperationExecutor$RunnableBuildOperationWorker.execute(DefaultBuildOperationExecutor.java:336)
	at org.gradle.internal.progress.DefaultBuildOperationExecutor$RunnableBuildOperationWorker.execute(DefaultBuildOperationExecutor.java:328)
	at org.gradle.internal.progress.DefaultBuildOperationExecutor.execute(DefaultBuildOperationExecutor.java:199)
	at org.gradle.internal.progress.DefaultBuildOperationExecutor.run(DefaultBuildOperationExecutor.java:110)
	at org.gradle.execution.taskgraph.DefaultTaskGraphExecuter$EventFiringTaskWorker.execute(DefaultTaskGraphExecuter.java:249)
	at org.gradle.execution.taskgraph.DefaultTaskGraphExecuter$EventFiringTaskWorker.execute(DefaultTaskGraphExecuter.java:238)
	at org.gradle.execution.taskgraph.DefaultTaskPlanExecutor$TaskExecutorWorker.processTask(DefaultTaskPlanExecutor.java:123)
	at org.gradle.execution.taskgraph.DefaultTaskPlanExecutor$TaskExecutorWorker.access$200(DefaultTaskPlanExecutor.java:79)
	at org.gradle.execution.taskgraph.DefaultTaskPlanExecutor$TaskExecutorWorker$1.execute(DefaultTaskPlanExecutor.java:104)
	at org.gradle.execution.taskgraph.DefaultTaskPlanExecutor$TaskExecutorWorker$1.execute(DefaultTaskPlanExecutor.java:98)
	at org.gradle.execution.taskgraph.DefaultTaskExecutionPlan.execute(DefaultTaskExecutionPlan.java:663)
	at org.gradle.execution.taskgraph.DefaultTaskExecutionPlan.executeWithTask(DefaultTaskExecutionPlan.java:597)
	at org.gradle.execution.taskgraph.DefaultTaskPlanExecutor$TaskExecutorWorker.run(DefaultTaskPlanExecutor.java:98)
	at org.gradle.execution.taskgraph.DefaultTaskPlanExecutor.process(DefaultTaskPlanExecutor.java:59)
	at org.gradle.execution.taskgraph.DefaultTaskGraphExecuter.execute(DefaultTaskGraphExecuter.java:130)
	at org.gradle.execution.SelectedTaskExecutionAction.execute(SelectedTaskExecutionAction.java:37)
	at org.gradle.execution.DefaultBuildExecuter.execute(DefaultBuildExecuter.java:37)
	at org.gradle.execution.DefaultBuildExecuter.access$000(DefaultBuildExecuter.java:23)
	at org.gradle.execution.DefaultBuildExecuter$1.proceed(DefaultBuildExecuter.java:43)
	at org.gradle.execution.DryRunBuildExecutionAction.execute(DryRunBuildExecutionAction.java:46)
	at org.gradle.execution.DefaultBuildExecuter.execute(DefaultBuildExecuter.java:37)
	at org.gradle.execution.DefaultBuildExecuter.execute(DefaultBuildExecuter.java:30)
	at org.gradle.initialization.DefaultGradleLauncher$ExecuteTasks.run(DefaultGradleLauncher.java:336)
	at org.gradle.internal.progress.DefaultBuildOperationExecutor$RunnableBuildOperationWorker.execute(DefaultBuildOperationExecutor.java:336)
	at org.gradle.internal.progress.DefaultBuildOperationExecutor$RunnableBuildOperationWorker.execute(DefaultBuildOperationExecutor.java:328)
	at org.gradle.internal.progress.DefaultBuildOperationExecutor.execute(DefaultBuildOperationExecutor.java:199)
	at org.gradle.internal.progress.DefaultBuildOperationExecutor.run(DefaultBuildOperationExecutor.java:110)
	at org.gradle.initialization.DefaultGradleLauncher.runTasks(DefaultGradleLauncher.java:210)
	at org.gradle.initialization.DefaultGradleLauncher.doBuildStages(DefaultGradleLauncher.java:140)
	at org.gradle.initialization.DefaultGradleLauncher.executeTasks(DefaultGradleLauncher.java:115)
	at org.gradle.internal.invocation.GradleBuildController$1.call(GradleBuildController.java:78)
	at org.gradle.internal.invocation.GradleBuildController$1.call(GradleBuildController.java:75)
	at org.gradle.internal.work.DefaultWorkerLeaseService.withLocks(DefaultWorkerLeaseService.java:152)
	at org.gradle.internal.invocation.GradleBuildController.doBuild(GradleBuildController.java:100)
	at org.gradle.internal.invocation.GradleBuildController.run(GradleBuildController.java:75)
	at org.gradle.tooling.internal.provider.ExecuteBuildActionRunner.run(ExecuteBuildActionRunner.java:28)
	at org.gradle.launcher.exec.ChainingBuildActionRunner.run(ChainingBuildActionRunner.java:35)
	at org.gradle.tooling.internal.provider.ValidatingBuildActionRunner.run(ValidatingBuildActionRunner.java:32)
	at org.gradle.launcher.exec.RunAsBuildOperationBuildActionRunner$1.run(RunAsBuildOperationBuildActionRunner.java:43)
	at org.gradle.internal.progress.DefaultBuildOperationExecutor$RunnableBuildOperationWorker.execute(DefaultBuildOperationExecutor.java:336)
	at org.gradle.internal.progress.DefaultBuildOperationExecutor$RunnableBuildOperationWorker.execute(DefaultBuildOperationExecutor.java:328)
	at org.gradle.internal.progress.DefaultBuildOperationExecutor.execute(DefaultBuildOperationExecutor.java:199)
	at org.gradle.internal.progress.DefaultBuildOperationExecutor.run(DefaultBuildOperationExecutor.java:110)
	at org.gradle.launcher.exec.RunAsBuildOperationBuildActionRunner.run(RunAsBuildOperationBuildActionRunner.java:40)
	at org.gradle.tooling.internal.provider.SubscribableBuildActionRunner.run(SubscribableBuildActionRunner.java:51)
	at org.gradle.launcher.exec.InProcessBuildActionExecuter.execute(InProcessBuildActionExecuter.java:49)
	at org.gradle.launcher.exec.InProcessBuildActionExecuter.execute(InProcessBuildActionExecuter.java:32)
	at org.gradle.launcher.exec.BuildTreeScopeBuildActionExecuter.execute(BuildTreeScopeBuildActionExecuter.java:39)
	at org.gradle.launcher.exec.BuildTreeScopeBuildActionExecuter.execute(BuildTreeScopeBuildActionExecuter.java:25)
	at org.gradle.tooling.internal.provider.ContinuousBuildActionExecuter.execute(ContinuousBuildActionExecuter.java:80)
	at org.gradle.tooling.internal.provider.ContinuousBuildActionExecuter.execute(ContinuousBuildActionExecuter.java:53)
	at org.gradle.tooling.internal.provider.ServicesSetupBuildActionExecuter.execute(ServicesSetupBuildActionExecuter.java:57)
	at org.gradle.tooling.internal.provider.ServicesSetupBuildActionExecuter.execute(ServicesSetupBuildActionExecuter.java:32)
	at org.gradle.tooling.internal.provider.GradleThreadBuildActionExecuter.execute(GradleThreadBuildActionExecuter.java:36)
	at org.gradle.tooling.internal.provider.GradleThreadBuildActionExecuter.execute(GradleThreadBuildActionExecuter.java:25)
	at org.gradle.tooling.internal.provider.ParallelismConfigurationBuildActionExecuter.execute(ParallelismConfigurationBuildActionExecuter.java:43)
	at org.gradle.tooling.internal.provider.ParallelismConfigurationBuildActionExecuter.execute(ParallelismConfigurationBuildActionExecuter.java:29)
	at org.gradle.tooling.internal.provider.StartParamsValidatingActionExecuter.execute(StartParamsValidatingActionExecuter.java:64)
	at org.gradle.tooling.internal.provider.StartParamsValidatingActionExecuter.execute(StartParamsValidatingActionExecuter.java:29)
	at org.gradle.tooling.internal.provider.SessionFailureReportingActionExecuter.execute(SessionFailureReportingActionExecuter.java:59)
	at org.gradle.tooling.internal.provider.SessionFailureReportingActionExecuter.execute(SessionFailureReportingActionExecuter.java:44)
	at org.gradle.tooling.internal.provider.SetupLoggingActionExecuter.execute(SetupLoggingActionExecuter.java:45)
	at org.gradle.tooling.internal.provider.SetupLoggingActionExecuter.execute(SetupLoggingActionExecuter.java:30)
	at org.gradle.launcher.cli.RunBuildAction.run(RunBuildAction.java:51)
	at org.gradle.internal.Actions$RunnableActionAdapter.execute(Actions.java:173)
	at org.gradle.launcher.cli.CommandLineActionFactory$ParseAndBuildAction.execute(CommandLineActionFactory.java:285)
	at org.gradle.launcher.cli.CommandLineActionFactory$ParseAndBuildAction.execute(CommandLineActionFactory.java:258)
	at org.gradle.launcher.cli.ExceptionReportingAction.execute(ExceptionReportingAction.java:33)
	at org.gradle.launcher.cli.ExceptionReportingAction.execute(ExceptionReportingAction.java:22)
	at org.gradle.launcher.cli.CommandLineActionFactory$WithLogging.execute(CommandLineActionFactory.java:251)
	at org.gradle.launcher.cli.CommandLineActionFactory$WithLogging.execute(CommandLineActionFactory.java:185)
	at org.gradle.launcher.Main.doAction(Main.java:36)
	at org.gradle.launcher.bootstrap.EntryPoint.run(EntryPoint.java:45)
	at org.gradle.launcher.bootstrap.ProcessBootstrap.runNoExit(ProcessBootstrap.java:60)
	at org.gradle.launcher.bootstrap.ProcessBootstrap.run(ProcessBootstrap.java:37)
	at org.gradle.launcher.GradleMain.main(GradleMain.java:23)
	at org.gradle.wrapper.BootstrapMainStarter.start(BootstrapMainStarter.java:30)
	at org.gradle.wrapper.WrapperExecutor.execute(WrapperExecutor.java:129)
	at org.gradle.wrapper.GradleWrapperMain.main(GradleWrapperMain.java:61)
Caused by: org.gradle.api.GradleException: Compilation error. See log for more details
	at org.jetbrains.kotlin.gradle.tasks.TasksUtilsKt.throwGradleExceptionIfError(tasksUtils.kt:16)
	at org.jetbrains.kotlin.gradle.tasks.KotlinCompile.processCompilerExitCode(Tasks.kt:441)
	at org.jetbrains.kotlin.gradle.tasks.KotlinCompile.callCompiler$kotlin_gradle_plugin(Tasks.kt:403)
	at org.jetbrains.kotlin.gradle.tasks.KotlinCompile.callCompiler$kotlin_gradle_plugin(Tasks.kt:297)
	at org.jetbrains.kotlin.gradle.tasks.AbstractKotlinCompile.execute(Tasks.kt:259)
	at org.gradle.internal.reflect.JavaMethod.invoke(JavaMethod.java:73)
	at org.gradle.api.internal.project.taskfactory.IncrementalTaskAction.doExecute(IncrementalTaskAction.java:50)
	at org.gradle.api.internal.project.taskfactory.StandardTaskAction.execute(StandardTaskAction.java:39)
	at org.gradle.api.internal.project.taskfactory.StandardTaskAction.execute(StandardTaskAction.java:26)
	at org.gradle.api.internal.tasks.execution.ExecuteActionsTaskExecuter$1.run(ExecuteActionsTaskExecuter.java:124)
	at org.gradle.internal.progress.DefaultBuildOperationExecutor$RunnableBuildOperationWorker.execute(DefaultBuildOperationExecutor.java:336)
	at org.gradle.internal.progress.DefaultBuildOperationExecutor$RunnableBuildOperationWorker.execute(DefaultBuildOperationExecutor.java:328)
	at org.gradle.internal.progress.DefaultBuildOperationExecutor.execute(DefaultBuildOperationExecutor.java:199)
	at org.gradle.internal.progress.DefaultBuildOperationExecutor.run(DefaultBuildOperationExecutor.java:110)
	at org.gradle.api.internal.tasks.execution.ExecuteActionsTaskExecuter.executeAction(ExecuteActionsTaskExecuter.java:113)
	at org.gradle.api.internal.tasks.execution.ExecuteActionsTaskExecuter.executeActions(ExecuteActionsTaskExecuter.java:95)
	... 93 more


* Get more help at https://help.gradle.org

BUILD FAILED in 18s
25 actionable tasks: 25 executed

2020-01-01 19:14:03,832 INFO  ProjectTaskService - Detecting possible tasks...
2020-01-01 19:14:03,832 INFO  SysUtils - Execute command: [/var/folders/bq/vtzpc5ns5sg2cthy61lqpg3dfzgbys/T/1577880814786-0/src/RecordButton-master/gradlew, -b, /var/folders/bq/vtzpc5ns5sg2cthy61lqpg3dfzgbys/T/1577880814786-0/src/RecordButton-master/recordbuttonlib/build.gradle, -Dorg.gradle.daemon=false, -Dorg.gradle.daemon.performance.enable-monitoring=false, -Dorg.gradle.configureondemand=true, tasks]
2020-01-01 19:14:09,152 INFO  ProjectTaskService - Detected possible tasks: 65
2020-01-01 19:14:09,153 INFO  ProjectTaskService - Excluded tasks (15): lintDebug deviceCheck lint testReleaseUnitTest deviceAndroidTest uninstallDebugAndroidTest installDebugAndroidTest connectedCheck connectedDebugAndroidTest uninstallAll test check testDebugUnitTest connectedAndroidTest lintRelease
2020-01-01 19:14:09,153 INFO  SysUtils - Execute command: [/var/folders/bq/vtzpc5ns5sg2cthy61lqpg3dfzgbys/T/1577880814786-0/src/RecordButton-master/gradlew, -b, /var/folders/bq/vtzpc5ns5sg2cthy61lqpg3dfzgbys/T/1577880814786-0/src/RecordButton-master/recordbuttonlib/build.gradle, -Dorg.gradle.daemon=false, -Dorg.gradle.daemon.performance.enable-monitoring=false, -Dorg.gradle.configureondemand=true, --stacktrace, -x, lintDebug, -x, deviceCheck, -x, lint, -x, testReleaseUnitTest, -x, deviceAndroidTest, -x, uninstallDebugAndroidTest, -x, installDebugAndroidTest, -x, connectedCheck, -x, connectedDebugAndroidTest, -x, uninstallAll, -x, test, -x, check, -x, testDebugUnitTest, -x, connectedAndroidTest, -x, lintRelease, build]
2020-01-01 19:14:23,562 INFO  SysUtils - Configuration on demand is an incubating feature.
:recordbuttonlib:preBuild UP-TO-DATE
:recordbuttonlib:preDebugBuild UP-TO-DATE
:recordbuttonlib:compileDebugAidl NO-SOURCE
:recordbuttonlib:compileDebugRenderscript UP-TO-DATE
:recordbuttonlib:checkDebugManifest UP-TO-DATE
:recordbuttonlib:generateDebugBuildConfig UP-TO-DATE
:recordbuttonlib:generateDebugResValues UP-TO-DATE
:recordbuttonlib:generateDebugResources UP-TO-DATE
:recordbuttonlib:packageDebugResources UP-TO-DATE
:recordbuttonlib:processDebugManifest UP-TO-DATE
:recordbuttonlib:generateDebugRFile UP-TO-DATE
:recordbuttonlib:compileDebugKotlin UP-TO-DATE
:recordbuttonlib:prepareLintJar UP-TO-DATE
:recordbuttonlib:generateDebugSources UP-TO-DATE
:recordbuttonlib:javaPreCompileDebug UP-TO-DATE
:recordbuttonlib:compileDebugJavaWithJavac UP-TO-DATE
:recordbuttonlib:extractDebugAnnotations
:recordbuttonlib:mergeDebugConsumerProguardFiles
:recordbuttonlib:mergeDebugShaders
:recordbuttonlib:compileDebugShaders
:recordbuttonlib:generateDebugAssets
:recordbuttonlib:packageDebugAssets
:recordbuttonlib:packageDebugRenderscript NO-SOURCE
:recordbuttonlib:processDebugJavaRes NO-SOURCE
:recordbuttonlib:transformResourcesWithMergeJavaResForDebug
:recordbuttonlib:transformClassesAndResourcesWithSyncLibJarsForDebug
:recordbuttonlib:compileDebugNdk NO-SOURCE
:recordbuttonlib:mergeDebugJniLibFolders
:recordbuttonlib:transformNativeLibsWithMergeJniLibsForDebug
:recordbuttonlib:transformNativeLibsWithStripDebugSymbolForDebug
:recordbuttonlib:transformNativeLibsWithSyncJniLibsForDebug
:recordbuttonlib:bundleDebugAar
:recordbuttonlib:compileDebugSources UP-TO-DATE
:recordbuttonlib:assembleDebug
:recordbuttonlib:preReleaseBuild UP-TO-DATE
:recordbuttonlib:compileReleaseAidl NO-SOURCE
:recordbuttonlib:compileReleaseRenderscript
:recordbuttonlib:checkReleaseManifest
:recordbuttonlib:generateReleaseBuildConfig
:recordbuttonlib:generateReleaseResValues
:recordbuttonlib:generateReleaseResources
:recordbuttonlib:packageReleaseResources
:recordbuttonlib:processReleaseManifest
:recordbuttonlib:generateReleaseRFile
:recordbuttonlib:compileReleaseKotlin
w: /private/var/folders/bq/vtzpc5ns5sg2cthy61lqpg3dfzgbys/T/1577880814786-0/src/RecordButton-master/recordbuttonlib/src/main/java/com/emrekose/recordbutton/RecordButton.kt: (163, 24): Type mismatch: inferred type is RectF? but RectF was expected
:recordbuttonlib:generateReleaseSources
:recordbuttonlib:javaPreCompileRelease
:recordbuttonlib:compileReleaseJavaWithJavac
:recordbuttonlib:extractReleaseAnnotations
:recordbuttonlib:mergeReleaseConsumerProguardFiles
:recordbuttonlib:mergeReleaseShaders
:recordbuttonlib:compileReleaseShaders
:recordbuttonlib:generateReleaseAssets
:recordbuttonlib:packageReleaseAssets
:recordbuttonlib:packageReleaseRenderscript NO-SOURCE
:recordbuttonlib:processReleaseJavaRes NO-SOURCE
:recordbuttonlib:transformResourcesWithMergeJavaResForRelease
:recordbuttonlib:transformClassesAndResourcesWithSyncLibJarsForRelease
:recordbuttonlib:compileReleaseNdk NO-SOURCE
:recordbuttonlib:mergeReleaseJniLibFolders
:recordbuttonlib:transformNativeLibsWithMergeJniLibsForRelease
:recordbuttonlib:transformNativeLibsWithStripDebugSymbolForRelease
:recordbuttonlib:transformNativeLibsWithSyncJniLibsForRelease
:recordbuttonlib:bundleReleaseAar
:recordbuttonlib:compileReleaseSources
:recordbuttonlib:mergeReleaseResources
:recordbuttonlib:verifyReleaseResources
:recordbuttonlib:assembleRelease
:recordbuttonlib:assemble
:recordbuttonlib:build

BUILD SUCCESSFUL in 13s
47 actionable tasks: 36 executed, 11 up-to-date

2020-01-01 19:14:23,622 INFO  ProjectTaskService - Detecting possible tasks...
2020-01-01 19:14:23,622 INFO  SysUtils - Execute command: [/var/folders/bq/vtzpc5ns5sg2cthy61lqpg3dfzgbys/T/1577880814786-0/src/RecordButton-master/gradlew, -b, /var/folders/bq/vtzpc5ns5sg2cthy61lqpg3dfzgbys/T/1577880814786-0/src/RecordButton-master/build.gradle, -Dorg.gradle.daemon=false, -Dorg.gradle.daemon.performance.enable-monitoring=false, -Dorg.gradle.configureondemand=true, tasks]
2020-01-01 19:14:29,345 INFO  ProjectTaskService - Detected possible tasks: 71
2020-01-01 19:14:29,345 INFO  ProjectTaskService - Excluded tasks (18): lintDebug deviceCheck lint testReleaseUnitTest uninstallRelease deviceAndroidTest uninstallDebugAndroidTest installDebugAndroidTest connectedCheck connectedDebugAndroidTest uninstallAll test check testDebugUnitTest connectedAndroidTest installDebug lintRelease uninstallDebug
2020-01-01 19:14:29,345 INFO  SysUtils - Execute command: [/var/folders/bq/vtzpc5ns5sg2cthy61lqpg3dfzgbys/T/1577880814786-0/src/RecordButton-master/gradlew, -b, /var/folders/bq/vtzpc5ns5sg2cthy61lqpg3dfzgbys/T/1577880814786-0/src/RecordButton-master/build.gradle, -Dorg.gradle.daemon=false, -Dorg.gradle.daemon.performance.enable-monitoring=false, -Dorg.gradle.configureondemand=true, --stacktrace, -x, lintDebug, -x, deviceCheck, -x, lint, -x, testReleaseUnitTest, -x, uninstallRelease, -x, deviceAndroidTest, -x, uninstallDebugAndroidTest, -x, installDebugAndroidTest, -x, connectedCheck, -x, connectedDebugAndroidTest, -x, uninstallAll, -x, test, -x, check, -x, testDebugUnitTest, -x, connectedAndroidTest, -x, installDebug, -x, lintRelease, -x, uninstallDebug, build]
2020-01-01 19:14:41,488 ERROR SysUtils - Could not process external command
org.apache.commons.exec.ExecuteException: Process exited with an error: 1 (Exit value: 1)
	at org.apache.commons.exec.DefaultExecutor.executeInternal(DefaultExecutor.java:404)
	at org.apache.commons.exec.DefaultExecutor.execute(DefaultExecutor.java:166)
	at com.github.vbauer.apkmaster.util.SysUtils.execute(SysUtils.java:67)
	at com.github.vbauer.apkmaster.util.SysUtils.executeSimple(SysUtils.java:43)
	at com.github.vbauer.apkmaster.service.assembly.ProjectBuildService.buildProject(ProjectBuildService.java:78)
	at com.github.vbauer.apkmaster.service.assembly.ProjectBuildService.buildProject(ProjectBuildService.java:64)
	at com.github.vbauer.apkmaster.service.assembly.ProjectBuildService.buildProject(ProjectBuildService.java:43)
	at com.github.vbauer.apkmaster.service.FullProcessService.build(FullProcessService.java:84)
	at com.github.vbauer.apkmaster.service.FullProcessService.process(FullProcessService.java:34)
	at com.github.vbauer.apkmaster.app.MainApplication.process(MainApplication.java:38)
	at com.github.vbauer.apkmaster.app.MainApplication.main(MainApplication.java:20)
	at sun.reflect.NativeMethodAccessorImpl.invoke0(Native Method)
	at sun.reflect.NativeMethodAccessorImpl.invoke(NativeMethodAccessorImpl.java:62)
	at sun.reflect.DelegatingMethodAccessorImpl.invoke(DelegatingMethodAccessorImpl.java:43)
	at java.lang.reflect.Method.invoke(Method.java:498)
	at com.android.arsenal.util.ReflectionUtils.invoke(ReflectionUtils.java:52)
	at com.android.arsenal.util.ApkMasterUtils.main(ApkMasterUtils.java:30)
	at com.android.arsenal.service.processor.impl.BuildProcessorServiceImpl.buildProject(BuildProcessorServiceImpl.java:196)
	at com.android.arsenal.service.processor.impl.BuildProcessorServiceImpl.build(BuildProcessorServiceImpl.java:130)
	at com.android.arsenal.service.processor.impl.BuildProcessorServiceImpl.lambda$null$1(BuildProcessorServiceImpl.java:113)
	at java.util.concurrent.FutureTask.run(FutureTask.java:266)
	at java.util.concurrent.Executors$RunnableAdapter.call(Executors.java:511)
	at java.util.concurrent.FutureTask.run(FutureTask.java:266)
	at java.util.concurrent.ThreadPoolExecutor.runWorker(ThreadPoolExecutor.java:1149)
	at java.util.concurrent.ThreadPoolExecutor$Worker.run(ThreadPoolExecutor.java:624)
	at java.lang.Thread.run(Thread.java:748)
2020-01-01 19:14:41,488 INFO  SysUtils - Configuration on demand is an incubating feature.
:app:checkDebugClasspath UP-TO-DATE
:app:preBuild UP-TO-DATE
:recordbuttonlib:preBuild UP-TO-DATE
:recordbuttonlib:preDebugBuild UP-TO-DATE
:recordbuttonlib:checkDebugManifest UP-TO-DATE
:recordbuttonlib:processDebugManifest UP-TO-DATE
:app:preDebugBuild UP-TO-DATE
:recordbuttonlib:compileDebugAidl NO-SOURCE
:app:compileDebugAidl NO-SOURCE
:recordbuttonlib:packageDebugRenderscript NO-SOURCE
:app:compileDebugRenderscript UP-TO-DATE
:app:checkDebugManifest UP-TO-DATE
:app:generateDebugBuildConfig UP-TO-DATE
:app:mainApkListPersistenceDebug UP-TO-DATE
:app:generateDebugResValues UP-TO-DATE
:app:generateDebugResources UP-TO-DATE
:recordbuttonlib:compileDebugRenderscript UP-TO-DATE
:recordbuttonlib:generateDebugResValues UP-TO-DATE
:recordbuttonlib:generateDebugResources UP-TO-DATE
:recordbuttonlib:packageDebugResources UP-TO-DATE
:app:mergeDebugResources UP-TO-DATE
:app:createDebugCompatibleScreenManifests UP-TO-DATE
:app:processDebugManifest UP-TO-DATE
:app:splitsDiscoveryTaskDebug UP-TO-DATE
:recordbuttonlib:generateDebugRFile UP-TO-DATE
:app:processDebugResources UP-TO-DATE
:recordbuttonlib:generateDebugBuildConfig UP-TO-DATE
:recordbuttonlib:compileDebugKotlin UP-TO-DATE
:recordbuttonlib:prepareLintJar UP-TO-DATE
:recordbuttonlib:generateDebugSources UP-TO-DATE
:recordbuttonlib:javaPreCompileDebug UP-TO-DATE
:recordbuttonlib:compileDebugJavaWithJavac UP-TO-DATE
:recordbuttonlib:processDebugJavaRes NO-SOURCE
:recordbuttonlib:transformClassesAndResourcesWithPrepareIntermediateJarsForDebug UP-TO-DATE
:app:compileDebugKotline: /private/var/folders/bq/vtzpc5ns5sg2cthy61lqpg3dfzgbys/T/1577880814786-0/src/RecordButton-master/app/src/main/java/com/emrekose/demo/recordbutton/KotlinMainActivity.kt: (6, 21): Unresolved reference: kotlin
e: /private/var/folders/bq/vtzpc5ns5sg2cthy61lqpg3dfzgbys/T/1577880814786-0/src/RecordButton-master/app/src/main/java/com/emrekose/demo/recordbutton/KotlinMainActivity.kt: (7, 21): Unresolved reference: kotlin
e: /private/var/folders/bq/vtzpc5ns5sg2cthy61lqpg3dfzgbys/T/1577880814786-0/src/RecordButton-master/app/src/main/java/com/emrekose/demo/recordbutton/KotlinMainActivity.kt: (15, 31): Unresolved reference: RecordButton
e: /private/var/folders/bq/vtzpc5ns5sg2cthy61lqpg3dfzgbys/T/1577880814786-0/src/RecordButton-master/app/src/main/java/com/emrekose/demo/recordbutton/KotlinMainActivity.kt: (16, 22): Unresolved reference: RecordButton
e: /private/var/folders/bq/vtzpc5ns5sg2cthy61lqpg3dfzgbys/T/1577880814786-0/src/RecordButton-master/app/src/main/java/com/emrekose/demo/recordbutton/KotlinMainActivity.kt: (23, 48): Unresolved reference: OnRecordListener
e: /private/var/folders/bq/vtzpc5ns5sg2cthy61lqpg3dfzgbys/T/1577880814786-0/src/RecordButton-master/app/src/main/java/com/emrekose/demo/recordbutton/KotlinMainActivity.kt: (24, 13): 'onRecord' overrides nothing
e: /private/var/folders/bq/vtzpc5ns5sg2cthy61lqpg3dfzgbys/T/1577880814786-0/src/RecordButton-master/app/src/main/java/com/emrekose/demo/recordbutton/KotlinMainActivity.kt: (28, 13): 'onRecordCancel' overrides nothing
e: /private/var/folders/bq/vtzpc5ns5sg2cthy61lqpg3dfzgbys/T/1577880814786-0/src/RecordButton-master/app/src/main/java/com/emrekose/demo/recordbutton/KotlinMainActivity.kt: (32, 13): 'onRecordFinish' overrides nothing
 FAILED

FAILURE: Build failed with an exception.

* What went wrong:
Execution failed for task ':app:compileDebugKotlin'.
> Compilation error. See log for more details

* Try:
Run with --info or --debug option to get more log output. Run with --scan to get full insights.

* Exception is:
org.gradle.api.tasks.TaskExecutionException: Execution failed for task ':app:compileDebugKotlin'.
	at org.gradle.api.internal.tasks.execution.ExecuteActionsTaskExecuter.executeActions(ExecuteActionsTaskExecuter.java:103)
	at org.gradle.api.internal.tasks.execution.ExecuteActionsTaskExecuter.execute(ExecuteActionsTaskExecuter.java:73)
	at org.gradle.api.internal.tasks.execution.OutputDirectoryCreatingTaskExecuter.execute(OutputDirectoryCreatingTaskExecuter.java:51)
	at org.gradle.api.internal.tasks.execution.SkipUpToDateTaskExecuter.execute(SkipUpToDateTaskExecuter.java:59)
	at org.gradle.api.internal.tasks.execution.ResolveTaskOutputCachingStateExecuter.execute(ResolveTaskOutputCachingStateExecuter.java:54)
	at org.gradle.api.internal.tasks.execution.ValidatingTaskExecuter.execute(ValidatingTaskExecuter.java:59)
	at org.gradle.api.internal.tasks.execution.SkipEmptySourceFilesTaskExecuter.execute(SkipEmptySourceFilesTaskExecuter.java:101)
	at org.gradle.api.internal.tasks.execution.FinalizeInputFilePropertiesTaskExecuter.execute(FinalizeInputFilePropertiesTaskExecuter.java:44)
	at org.gradle.api.internal.tasks.execution.CleanupStaleOutputsExecuter.execute(CleanupStaleOutputsExecuter.java:91)
	at org.gradle.api.internal.tasks.execution.ResolveTaskArtifactStateTaskExecuter.execute(ResolveTaskArtifactStateTaskExecuter.java:62)
	at org.gradle.api.internal.tasks.execution.SkipTaskWithNoActionsExecuter.execute(SkipTaskWithNoActionsExecuter.java:59)
	at org.gradle.api.internal.tasks.execution.SkipOnlyIfTaskExecuter.execute(SkipOnlyIfTaskExecuter.java:54)
	at org.gradle.api.internal.tasks.execution.ExecuteAtMostOnceTaskExecuter.execute(ExecuteAtMostOnceTaskExecuter.java:43)
	at org.gradle.api.internal.tasks.execution.CatchExceptionTaskExecuter.execute(CatchExceptionTaskExecuter.java:34)
	at org.gradle.execution.taskgraph.DefaultTaskGraphExecuter$EventFiringTaskWorker$1.run(DefaultTaskGraphExecuter.java:256)
	at org.gradle.internal.progress.DefaultBuildOperationExecutor$RunnableBuildOperationWorker.execute(DefaultBuildOperationExecutor.java:336)
	at org.gradle.internal.progress.DefaultBuildOperationExecutor$RunnableBuildOperationWorker.execute(DefaultBuildOperationExecutor.java:328)
	at org.gradle.internal.progress.DefaultBuildOperationExecutor.execute(DefaultBuildOperationExecutor.java:199)
	at org.gradle.internal.progress.DefaultBuildOperationExecutor.run(DefaultBuildOperationExecutor.java:110)
	at org.gradle.execution.taskgraph.DefaultTaskGraphExecuter$EventFiringTaskWorker.execute(DefaultTaskGraphExecuter.java:249)
	at org.gradle.execution.taskgraph.DefaultTaskGraphExecuter$EventFiringTaskWorker.execute(DefaultTaskGraphExecuter.java:238)
	at org.gradle.execution.taskgraph.DefaultTaskPlanExecutor$TaskExecutorWorker.processTask(DefaultTaskPlanExecutor.java:123)
	at org.gradle.execution.taskgraph.DefaultTaskPlanExecutor$TaskExecutorWorker.access$200(DefaultTaskPlanExecutor.java:79)
	at org.gradle.execution.taskgraph.DefaultTaskPlanExecutor$TaskExecutorWorker$1.execute(DefaultTaskPlanExecutor.java:104)
	at org.gradle.execution.taskgraph.DefaultTaskPlanExecutor$TaskExecutorWorker$1.execute(DefaultTaskPlanExecutor.java:98)
	at org.gradle.execution.taskgraph.DefaultTaskExecutionPlan.execute(DefaultTaskExecutionPlan.java:663)
	at org.gradle.execution.taskgraph.DefaultTaskExecutionPlan.executeWithTask(DefaultTaskExecutionPlan.java:597)
	at org.gradle.execution.taskgraph.DefaultTaskPlanExecutor$TaskExecutorWorker.run(DefaultTaskPlanExecutor.java:98)
	at org.gradle.internal.concurrent.ExecutorPolicy$CatchAndRecordFailures.onExecute(ExecutorPolicy.java:63)
	at org.gradle.internal.concurrent.ManagedExecutorImpl$1.run(ManagedExecutorImpl.java:46)
	at org.gradle.internal.concurrent.ThreadFactoryImpl$ManagedThreadRunnable.run(ThreadFactoryImpl.java:55)
Caused by: org.gradle.api.GradleException: Compilation error. See log for more details
	at org.jetbrains.kotlin.gradle.tasks.TasksUtilsKt.throwGradleExceptionIfError(tasksUtils.kt:16)
	at org.jetbrains.kotlin.gradle.tasks.KotlinCompile.processCompilerExitCode(Tasks.kt:441)
	at org.jetbrains.kotlin.gradle.tasks.KotlinCompile.callCompiler$kotlin_gradle_plugin(Tasks.kt:403)
	at org.jetbrains.kotlin.gradle.tasks.KotlinCompile.callCompiler$kotlin_gradle_plugin(Tasks.kt:297)
	at org.jetbrains.kotlin.gradle.tasks.AbstractKotlinCompile.execute(Tasks.kt:259)
	at org.gradle.internal.reflect.JavaMethod.invoke(JavaMethod.java:73)
	at org.gradle.api.internal.project.taskfactory.IncrementalTaskAction.doExecute(IncrementalTaskAction.java:50)
	at org.gradle.api.internal.project.taskfactory.StandardTaskAction.execute(StandardTaskAction.java:39)
	at org.gradle.api.internal.project.taskfactory.StandardTaskAction.execute(StandardTaskAction.java:26)
	at org.gradle.api.internal.tasks.execution.ExecuteActionsTaskExecuter$1.run(ExecuteActionsTaskExecuter.java:124)
	at org.gradle.internal.progress.DefaultBuildOperationExecutor$RunnableBuildOperationWorker.execute(DefaultBuildOperationExecutor.java:336)
	at org.gradle.internal.progress.DefaultBuildOperationExecutor$RunnableBuildOperationWorker.execute(DefaultBuildOperationExecutor.java:328)
	at org.gradle.internal.progress.DefaultBuildOperationExecutor.execute(DefaultBuildOperationExecutor.java:199)
	at org.gradle.internal.progress.DefaultBuildOperationExecutor.run(DefaultBuildOperationExecutor.java:110)
	at org.gradle.api.internal.tasks.execution.ExecuteActionsTaskExecuter.executeAction(ExecuteActionsTaskExecuter.java:113)
	at org.gradle.api.internal.tasks.execution.ExecuteActionsTaskExecuter.executeActions(ExecuteActionsTaskExecuter.java:95)
	... 30 more


* Get more help at https://help.gradle.org

BUILD FAILED in 11s
25 actionable tasks: 1 executed, 24 up-to-date

2020-01-01 19:14:41,546 ERROR FullProcessService - Project build has not produced APK file
2020-01-01 19:14:41,598 ERROR FullProcessService - Could not find generated or existed APK file
